app/build/intermediates/manifest_merge_blame_file/debug/manifest-merger-blame-debug-report.txt
1<?xml version="1.0" encoding="utf-8"?>
2<manifest xmlns:android="http://schemas.android.com/apk/res/android"
3    package="com.example.pingerhero"
4    android:versionCode="1"
5    android:versionName="1.0" >
6
7    <uses-sdk
8        android:minSdkVersion="16"
8-->src\main\AndroidManifest.xml
9        android:targetSdkVersion="30" />
9-->src\main\AndroidManifest.xml
10
11    <uses-permission android:name="android.permission.INTERNET" />
11-->src\main\AndroidManifest.xml:5:5-66
11-->src\main\AndroidManifest.xml:5:22-64
12    <uses-permission android:name="android.permission.WRITE_EXTERNAL_STORAGE" />
12-->src\main\AndroidManifest.xml:6:5-81
12-->src\main\AndroidManifest.xml:6:22-78
13    <uses-permission android:name="android.permission.READ_EXTERNAL_STORAGE" />
13-->src\main\AndroidManifest.xml:7:5-79
13-->src\main\AndroidManifest.xml:7:22-77
14
15    <uses-feature android:name="android.hardware.screen.portrait" />
15-->src\main\AndroidManifest.xml:8:5-68
15-->src\main\AndroidManifest.xml:8:19-66
16
17    <application
17-->src\main\AndroidManifest.xml:10:5-30:19
18        android:allowBackup="true"
18-->src\main\AndroidManifest.xml:11:9-35
19        android:appComponentFactory="androidx.core.app.CoreComponentFactory"
19-->[androidx.core:core:1.1.0] AndroidManifest.xml:24:18-86
20        android:debuggable="true"
21        android:icon="@mipmap/ic_launcher"
21-->src\main\AndroidManifest.xml:12:9-43
22        android:label="@string/app_name"
22-->src\main\AndroidManifest.xml:13:9-41
23        android:roundIcon="@mipmap/ic_launcher_round"
23-->src\main\AndroidManifest.xml:14:9-54
24        android:supportsRtl="true"
24-->src\main\AndroidManifest.xml:15:9-35
25        android:testOnly="true"
26        android:theme="@style/Theme.PingerHero"
26-->src\main\AndroidManifest.xml:16:9-48
27        android:usesCleartextTraffic="true" >
27-->src\main\AndroidManifest.xml:17:9-44
28        <activity
28-->src\main\AndroidManifest.xml:18:9-25:20
29            android:name="com.example.FingerHero.MainActivity"
29-->src\main\AndroidManifest.xml:18:19-69
30            android:screenOrientation="portrait" >
30-->src\main\AndroidManifest.xml:19:13-49
31            <intent-filter>
31-->src\main\AndroidManifest.xml:20:13-24:29
32                <action android:name="android.intent.action.MAIN" />
32-->src\main\AndroidManifest.xml:21:17-69
32-->src\main\AndroidManifest.xml:21:25-66
33
34                <category android:name="android.intent.category.LAUNCHER" />
34-->src\main\AndroidManifest.xml:23:17-77
34-->src\main\AndroidManifest.xml:23:27-74
35            </intent-filter>
36        </activity>
37        <activity
37-->src\main\AndroidManifest.xml:26:9-28:20
38            android:name="com.example.FingerHero.ArticleActivity"
38-->src\main\AndroidManifest.xml:26:19-72
39            android:screenOrientation="portrait" >
39-->src\main\AndroidManifest.xml:27:13-49
40        </activity>
41        <activity android:name="com.example.FingerHero.SelectTagActivity" />
41-->src\main\AndroidManifest.xml:29:9-86
41-->src\main\AndroidManifest.xml:29:19-74
42    </application>
43
44</manifest>